<?xml version="1.0" encoding="UTF-8"?>
<testsuite xmlns:xsi="http://www.w3.org/2001/XMLSchema-instance" xsi:noNamespaceSchemaLocation="https://maven.apache.org/surefire/maven-surefire-plugin/xsd/surefire-test-report.xsd" name="ssvv.example.AppTest" time="0.271" tests="15" errors="0" skipped="0" failures="0">
  <properties>
    <property name="java.specification.version" value="17"/>
    <property name="sun.cpu.isalist" value="amd64"/>
    <property name="sun.jnu.encoding" value="Cp1252"/>
    <property name="java.class.path" value="C:\Projects\school\VilceanuOvidiuVranciuAdrian\target\test-classes;C:\Projects\school\VilceanuOvidiuVranciuAdrian\target\classes;C:\Users\theov\.m2\repository\junit\junit\4.11\junit-4.11.jar;C:\Users\theov\.m2\repository\org\hamcrest\hamcrest-core\1.3\hamcrest-core-1.3.jar;C:\Users\theov\.m2\repository\org\junit\jupiter\junit-jupiter\5.8.2\junit-jupiter-5.8.2.jar;C:\Users\theov\.m2\repository\org\junit\jupiter\junit-jupiter-api\5.8.2\junit-jupiter-api-5.8.2.jar;C:\Users\theov\.m2\repository\org\opentest4j\opentest4j\1.2.0\opentest4j-1.2.0.jar;C:\Users\theov\.m2\repository\org\junit\platform\junit-platform-commons\1.8.2\junit-platform-commons-1.8.2.jar;C:\Users\theov\.m2\repository\org\apiguardian\apiguardian-api\1.1.2\apiguardian-api-1.1.2.jar;C:\Users\theov\.m2\repository\org\junit\jupiter\junit-jupiter-params\5.8.2\junit-jupiter-params-5.8.2.jar;C:\Users\theov\.m2\repository\org\junit\jupiter\junit-jupiter-engine\5.8.2\junit-jupiter-engine-5.8.2.jar;C:\Users\theov\.m2\repository\org\junit\platform\junit-platform-engine\1.8.2\junit-platform-engine-1.8.2.jar;"/>
    <property name="java.vm.vendor" value="Oracle Corporation"/>
    <property name="sun.arch.data.model" value="64"/>
    <property name="user.variant" value=""/>
    <property name="java.vendor.url" value="https://java.oracle.com/"/>
    <property name="user.timezone" value="Europe/Bucharest"/>
    <property name="user.country.format" value="NL"/>
    <property name="os.name" value="Windows 10"/>
    <property name="java.vm.specification.version" value="17"/>
    <property name="sun.java.launcher" value="SUN_STANDARD"/>
    <property name="user.country" value="GB"/>
    <property name="sun.boot.library.path" value="C:\Users\theov\.jdks\openjdk-17.0.1\bin"/>
    <property name="sun.java.command" value="C:\Users\theov\AppData\Local\Temp\surefire2601132384744908091\surefirebooter8609076996344057576.jar C:\Users\theov\AppData\Local\Temp\surefire2601132384744908091 2022-03-29T19-27-26_888-jvmRun1 surefire2752619202220485669tmp surefire_0757601792724987554tmp"/>
    <property name="jdk.debug" value="release"/>
    <property name="surefire.test.class.path" value="C:\Projects\school\VilceanuOvidiuVranciuAdrian\target\test-classes;C:\Projects\school\VilceanuOvidiuVranciuAdrian\target\classes;C:\Users\theov\.m2\repository\junit\junit\4.11\junit-4.11.jar;C:\Users\theov\.m2\repository\org\hamcrest\hamcrest-core\1.3\hamcrest-core-1.3.jar;C:\Users\theov\.m2\repository\org\junit\jupiter\junit-jupiter\5.8.2\junit-jupiter-5.8.2.jar;C:\Users\theov\.m2\repository\org\junit\jupiter\junit-jupiter-api\5.8.2\junit-jupiter-api-5.8.2.jar;C:\Users\theov\.m2\repository\org\opentest4j\opentest4j\1.2.0\opentest4j-1.2.0.jar;C:\Users\theov\.m2\repository\org\junit\platform\junit-platform-commons\1.8.2\junit-platform-commons-1.8.2.jar;C:\Users\theov\.m2\repository\org\apiguardian\apiguardian-api\1.1.2\apiguardian-api-1.1.2.jar;C:\Users\theov\.m2\repository\org\junit\jupiter\junit-jupiter-params\5.8.2\junit-jupiter-params-5.8.2.jar;C:\Users\theov\.m2\repository\org\junit\jupiter\junit-jupiter-engine\5.8.2\junit-jupiter-engine-5.8.2.jar;C:\Users\theov\.m2\repository\org\junit\platform\junit-platform-engine\1.8.2\junit-platform-engine-1.8.2.jar;"/>
    <property name="sun.cpu.endian" value="little"/>
    <property name="user.home" value="C:\Users\theov"/>
    <property name="user.language" value="en"/>
    <property name="java.specification.vendor" value="Oracle Corporation"/>
    <property name="java.version.date" value="2021-10-19"/>
    <property name="java.home" value="C:\Users\theov\.jdks\openjdk-17.0.1"/>
    <property name="file.separator" value="\"/>
    <property name="basedir" value="C:\Projects\school\VilceanuOvidiuVranciuAdrian"/>
    <property name="java.vm.compressedOopsMode" value="Zero based"/>
    <property name="line.separator" value="&#10;"/>
    <property name="java.vm.specification.vendor" value="Oracle Corporation"/>
    <property name="java.specification.name" value="Java Platform API Specification"/>
    <property name="surefire.real.class.path" value="C:\Users\theov\AppData\Local\Temp\surefire2601132384744908091\surefirebooter8609076996344057576.jar"/>
    <property name="user.script" value=""/>
    <property name="sun.management.compiler" value="HotSpot 64-Bit Tiered Compilers"/>
    <property name="java.runtime.version" value="17.0.1+12-39"/>
    <property name="user.name" value="theov"/>
    <property name="path.separator" value=";"/>
    <property name="os.version" value="10.0"/>
    <property name="java.runtime.name" value="OpenJDK Runtime Environment"/>
    <property name="file.encoding" value="UTF-8"/>
    <property name="java.vm.name" value="OpenJDK 64-Bit Server VM"/>
    <property name="localRepository" value="C:\Users\theov\.m2\repository"/>
    <property name="java.vendor.url.bug" value="https://bugreport.java.com/bugreport/"/>
    <property name="java.io.tmpdir" value="C:\Users\theov\AppData\Local\Temp\"/>
    <property name="idea.version" value="2021.2.3"/>
    <property name="java.version" value="17.0.1"/>
    <property name="user.dir" value="C:\Projects\school\VilceanuOvidiuVranciuAdrian"/>
    <property name="os.arch" value="amd64"/>
    <property name="java.vm.specification.name" value="Java Virtual Machine Specification"/>
    <property name="sun.os.patch.level" value=""/>
    <property name="native.encoding" value="UTF-8"/>
    <property name="java.library.path" value="C:\Users\theov\.jdks\openjdk-17.0.1\bin;C:\Windows\Sun\Java\bin;C:\Windows\system32;C:\Windows;C:\Program Files\NVIDIA GPU Computing Toolkit\CUDA\v11.0\bin;C:\Program Files\NVIDIA GPU Computing Toolkit\CUDA\v11.0\libnvvp;C:\Program Files (x86)\Microsoft SDKs\Azure\CLI2\wbin;C:\Python39\Scripts\;C:\Python39\;C:\Windows\system32;C:\Windows;C:\Windows\System32\Wbem;C:\Windows\System32\WindowsPowerShell\v1.0\;C:\Windows\System32\OpenSSH\;C:\Program Files\dotnet\;C:\Program Files\Microsoft SQL Server\130\Tools\Binn\;C:\Program Files\Microsoft SQL Server\Client SDK\ODBC\170\Tools\Binn\;C:\Program Files\Git\cmd;C:\Program Files (x86)\Microsoft SQL Server\150\DTS\Binn\;C:\Program Files\Azure Data Studio\bin;C:\Program Files\nodejs\;C:\ProgramData\chocolatey\bin;C:\Program Files (x86)\GitExtensions\;C:\Program Files\NVIDIA Corporation\Nsight Compute 2020.1.1\;C:\Program Files (x86)\NVIDIA Corporation\PhysX\Common;C:\Users\theov\AppData\Local\Microsoft\WindowsApps;C:\Users\theov\.dotnet\tools;C:\Program Files\Azure Data Studio\bin;C:\Users\theov\AppData\Roaming\npm;C:\Users\theov\AppData\Local\Programs\Microsoft VS Code\bin;."/>
    <property name="java.vm.info" value="mixed mode, sharing"/>
    <property name="java.vendor" value="Oracle Corporation"/>
    <property name="java.vm.version" value="17.0.1+12-39"/>
    <property name="sun.io.unicode.encoding" value="UnicodeLittle"/>
    <property name="java.class.version" value="61.0"/>
  </properties>
  <testcase name="test_1_addStudent_success" classname="ssvv.example.AppTest" time="0.102"/>
  <testcase name="test_3_addStudent_ExceptionThrown_invalidMail" classname="ssvv.example.AppTest" time="0.018"/>
  <testcase name="test_3_addStudent_ExceptionThrown_invalidName" classname="ssvv.example.AppTest" time="0.007"/>
  <testcase name="test_3_addStudent_ExceptionThrown_invalidProf" classname="ssvv.example.AppTest" time="0"/>
  <testcase name="test_2_addStudent_success_validMail" classname="ssvv.example.AppTest" time="0.016"/>
  <testcase name="test_2_addStudent_success_validName" classname="ssvv.example.AppTest" time="0.016"/>
  <testcase name="test_2_addStudent_success_validProf" classname="ssvv.example.AppTest" time="0.016"/>
  <testcase name="tc_3_addAssignment_alreadyExistingAssignment" classname="ssvv.example.AppTest" time="0.011"/>
  <testcase name="test_3_addStudent_ExceptionThrown_invalidId" classname="ssvv.example.AppTest" time="0.019"/>
  <testcase name="test_2_addStudent_success_validGroup" classname="ssvv.example.AppTest" time="0"/>
  <testcase name="tc_1_addAssignment_validNonExistingAssignment" classname="ssvv.example.AppTest" time="0.007"/>
  <testcase name="test_3_addStudent_ExceptionThrown_IdExists" classname="ssvv.example.AppTest" time="0"/>
  <testcase name="test_3_addStudent_ExceptionThrown_invalidGroup" classname="ssvv.example.AppTest" time="0"/>
  <testcase name="test_2_addStudent_success_validId" classname="ssvv.example.AppTest" time="0.014"/>
  <testcase name="test_2_addStudent_success_IDDoesNotExist" classname="ssvv.example.AppTest" time="0.013"/>
</testsuite>